{"numTotalTestSuites":8,"numPassedTestSuites":8,"numFailedTestSuites":0,"numPendingTestSuites":0,"numTotalTests":12,"numPassedTests":12,"numFailedTests":0,"numPendingTests":0,"numTodoTests":0,"snapshot":{"added":0,"failure":false,"filesAdded":0,"filesRemoved":0,"filesRemovedList":[],"filesUnmatched":0,"filesUpdated":0,"matched":0,"total":0,"unchecked":0,"uncheckedKeysByFile":[],"unmatched":0,"updated":0,"didUpdate":false},"startTime":1780981875518,"success":true,"testResults":[{"assertionResults":[{"ancestorTitles":["Date Utilities","getLocalDateString"],"fullName":"Date Utilities getLocalDateString should format a date object as YYYY-MM-DD in local time","status":"passed","title":"should format a date object as YYYY-MM-DD in local time","duration":0.6829579999999851,"failureMessages":[],"meta":{},"tags":[]},{"ancestorTitles":["Date Utilities","getLocalDateString"],"fullName":"Date Utilities getLocalDateString should handle single digit days and months correctly","status":"passed","title":"should handle single digit days and months correctly","duration":0.08166700000003857,"failureMessages":[],"meta":{},"tags":[]},{"ancestorTitles":["Date Utilities","parseLocalDate"],"fullName":"Date Utilities parseLocalDate should parse a YYYY-MM-DD string into a local midnight Date object","status":"passed","title":"should parse a YYYY-MM-DD string into a local midnight Date object","duration":0.2029579999999669,"failureMessages":[],"meta":{},"tags":[]}],"startTime":1780981876032,"endTime":1780981876033.203,"status":"passed","message":"","name":"/Users/prachigidwani/.gemini/antigravity/scratch/hrms-frontend/src/lib/utils.test.ts"},{"assertionResults":[{"ancestorTitles":["Auth Zustand Store"],"fullName":"Auth Zustand Store should have correct initial state","status":"passed","title":"should have correct initial state","duration":0.8566670000000158,"failureMessages":[],"meta":{},"tags":[]},{"ancestorTitles":["Auth Zustand Store"],"fullName":"Auth Zustand Store should update user state with setUser","status":"passed","title":"should update user state with setUser","duration":0.3132500000000391,"failureMessages":[],"meta":{},"tags":[]},{"ancestorTitles":["Auth Zustand Store"],"fullName":"Auth Zustand Store should update session state with setSession","status":"passed","title":"should update session state with setSession","duration":0.10829100000000835,"failureMessages":[],"meta":{},"tags":[]},{"ancestorTitles":["Auth Zustand Store"],"fullName":"Auth Zustand Store should update loading state with setLoading","status":"passed","title":"should update loading state with setLoading","duration":0.32866599999999835,"failureMessages":[],"meta":{},"tags":[]}],"startTime":1780981876031,"endTime":1780981876033.3286,"status":"passed","message":"","name":"/Users/prachigidwani/.gemini/antigravity/scratch/hrms-frontend/src/store/useAuth.test.ts"},{"assertionResults":[{"ancestorTitles":["ProtectedRoute Component"],"fullName":"ProtectedRoute Component should render loading spinner if isLoading is true","status":"passed","title":"should render loading spinner if isLoading is true","duration":11.694917000000032,"failureMessages":[],"meta":{},"tags":[]},{"ancestorTitles":["ProtectedRoute Component"],"fullName":"ProtectedRoute Component should redirect to /login if there is no session","status":"passed","title":"should redirect to /login if there is no session","duration":5.893790999999965,"failureMessages":[],"meta":{},"tags":[]},{"ancestorTitles":["ProtectedRoute Component"],"fullName":"ProtectedRoute Component should redirect to /login if there is a session but no user profile is loaded yet","status":"passed","title":"should redirect to /login if there is a session but no user profile is loaded yet","duration":1.5289999999999964,"failureMessages":[],"meta":{},"tags":[]},{"ancestorTitles":["ProtectedRoute Component"],"fullName":"ProtectedRoute Component should render children (Outlet) if session and user profile are loaded","status":"passed","title":"should render children (Outlet) if session and user profile are loaded","duration":0.9707080000000587,"failureMessages":[],"meta":{},"tags":[]},{"ancestorTitles":["ProtectedRoute Component"],"fullName":"ProtectedRoute Component should redirect to /unauthorized if role is not allowed","status":"passed","title":"should redirect to /unauthorized if role is not allowed","duration":1.4838750000000118,"failureMessages":[],"meta":{},"tags":[]}],"startTime":1780981876110,"endTime":1780981876131.484,"status":"passed","message":"","name":"/Users/prachigidwani/.gemini/antigravity/scratch/hrms-frontend/src/components/shared/ProtectedRoute.test.tsx"}]}